nohup: ignoring input
Loading checkpoint shards:   0%|                                                                    | 0/4 [00:00<?, ?it/s]Loading checkpoint shards:  25%|███████████████                                             | 1/4 [00:00<00:02,  1.46it/s]Loading checkpoint shards:  50%|██████████████████████████████                              | 2/4 [00:01<00:01,  1.46it/s]Loading checkpoint shards:  75%|█████████████████████████████████████████████               | 3/4 [00:02<00:00,  1.47it/s]Loading checkpoint shards: 100%|████████████████████████████████████████████████████████████| 4/4 [00:02<00:00,  2.07it/s]Loading checkpoint shards: 100%|████████████████████████████████████████████████████████████| 4/4 [00:02<00:00,  1.80it/s]
→ length=32768, #samples=20
Len=32768:   0%|                                                                                    | 0/3 [00:00<?, ?it/s]We detected that you are passing `past_key_values` as a tuple and this is deprecated and will be removed in v4.43. Please use an appropriate `Cache` class (https://huggingface.co/docs/transformers/v4.41.3/en/internal/generation_utils#transformers.Cache)
Len=32768:  33%|█████████████████████████▎                                                  | 1/3 [00:47<01:34, 47.11s/it]Len=32768:  67%|██████████████████████████████████████████████████▋                         | 2/3 [01:32<00:46, 46.29s/it]Len=32768: 100%|████████████████████████████████████████████████████████████████████████████| 3/3 [02:18<00:00, 46.03s/it]Len=32768: 100%|████████████████████████████████████████████████████████████████████████████| 3/3 [02:18<00:00, 46.18s/it]
Run 1 tokens/sec: 10.85

Run 2 tokens/sec: 10.92

Run 1 tokens/sec: 11.56

Run 2 tokens/sec: 10.90

Run 1 tokens/sec: 10.89

Run 2 tokens/sec: 11.55

→ length=65536, #samples=20
Len=65536:   0%|                                                                                    | 0/3 [00:00<?, ?it/s]Len=65536:   0%|                                                                                    | 0/3 [00:12<?, ?it/s]
Traceback (most recent call last):
  File "/home/hjkim/workspace/SpecExtend_Reb/exp_llama3_ar_4_43.py", line 84, in <module>
    out = model(
          ^^^^^^
  File "/home/hjkim/workspace/SpecExtend_Reb/spec-env/lib/python3.12/site-packages/torch/nn/modules/module.py", line 1553, in _wrapped_call_impl
    return self._call_impl(*args, **kwargs)
           ^^^^^^^^^^^^^^^^^^^^^^^^^^^^^^^^
  File "/home/hjkim/workspace/SpecExtend_Reb/spec-env/lib/python3.12/site-packages/torch/nn/modules/module.py", line 1562, in _call_impl
    return forward_call(*args, **kwargs)
           ^^^^^^^^^^^^^^^^^^^^^^^^^^^^^
  File "/home/hjkim/workspace/SpecExtend_Reb/spec-env/lib/python3.12/site-packages/accelerate/hooks.py", line 165, in new_forward
    output = old_forward(*args, **kwargs)
             ^^^^^^^^^^^^^^^^^^^^^^^^^^^^
  File "/home/hjkim/workspace/SpecExtend_Reb/llama4_43/modeling_llama.py", line 1161, in forward
    logits = logits.float()
             ^^^^^^^^^^^^^^
torch.OutOfMemoryError: CUDA out of memory. Tried to allocate 31.33 GiB. GPU 1 has a total capacity of 79.25 GiB of which 8.02 GiB is free. Process 955448 has 31.67 GiB memory in use. Including non-PyTorch memory, this process has 39.53 GiB memory in use. Of the allocated memory 31.23 GiB is allocated by PyTorch, and 7.81 GiB is reserved by PyTorch but unallocated. If reserved but unallocated memory is large try setting PYTORCH_CUDA_ALLOC_CONF=expandable_segments:True to avoid fragmentation.  See documentation for Memory Management  (https://pytorch.org/docs/stable/notes/cuda.html#environment-variables)
